{
  "stats": {
    "suites": 1,
    "tests": 1,
    "passes": 1,
    "pending": 0,
    "failures": 0,
    "start": "2020-07-17T19:31:18.530Z",
    "end": "2020-07-17T19:31:47.650Z",
    "duration": 29120,
    "testsRegistered": 1,
    "passPercent": 100,
    "pendingPercent": 0,
    "other": 0,
    "hasOther": false,
    "skipped": 0,
    "hasSkipped": false
  },
  "results": [
    {
      "uuid": "aca41877-ed03-4ed7-b21a-78a160638ec6",
      "title": "",
      "fullFile": "cypress\\integration\\cucumber-tests\\HomePage\\REQ-UI-09.feature",
      "file": "cypress\\integration\\cucumber-tests\\HomePage\\REQ-UI-09.feature",
      "beforeHooks": [],
      "afterHooks": [],
      "tests": [],
      "suites": [
        {
          "uuid": "8acf282e-4897-4523-926d-2049ecd2c769",
          "title": "REQ-UI-09",
          "fullFile": "",
          "file": "",
          "beforeHooks": [],
          "afterHooks": [],
          "tests": [
            {
              "title": "The following text should be visible on the Home page in <h1> tag: \"Welcome to the Docler Holding QA Department\"",
              "fullTitle": "REQ-UI-09 The following text should be visible on the Home page in <h1> tag: \"Welcome to the Docler Holding QA Department\"",
              "timedOut": null,
              "duration": 10035,
              "state": "passed",
              "speed": "slow",
              "pass": true,
              "fail": false,
              "pending": false,
              "context": null,
              "code": "const state = window.testState;\nreturn cy\n  .then(() => state.onStartScenario(scenario, indexedSteps))\n  .then(() =>\n    resolveAndRunBeforeHooks.call(this, scenario.tags, state.feature.name)\n  )\n  .then(() =>\n    indexedSteps.forEach(step =>\n      stepTest.call(this, state, step, rowData)\n    )\n  )\n  .then(() =>\n    resolveAndRunAfterHooks.call(this, scenario.tags, state.feature.name)\n  )\n  .then(() => state.onFinishScenario(scenario));",
              "err": {},
              "uuid": "44765672-c1e6-4bcd-9a82-bc9de3a72c2e",
              "parentUUID": "8acf282e-4897-4523-926d-2049ecd2c769",
              "isHook": false,
              "skipped": false
            }
          ],
          "suites": [],
          "passes": [
            "44765672-c1e6-4bcd-9a82-bc9de3a72c2e"
          ],
          "failures": [],
          "pending": [],
          "skipped": [],
          "duration": 10035,
          "root": false,
          "rootEmpty": false,
          "_timeout": 2000
        }
      ],
      "passes": [],
      "failures": [],
      "pending": [],
      "skipped": [],
      "duration": 0,
      "root": true,
      "rootEmpty": true,
      "_timeout": 2000
    }
  ],
  "meta": {
    "mocha": {
      "version": "7.0.1"
    },
    "mochawesome": {
      "options": {
        "quiet": false,
        "reportFilename": "mochawesome",
        "saveHtml": false,
        "saveJson": true,
        "consoleReporter": "spec",
        "useInlineDiffs": false,
        "code": true
      },
      "version": "6.1.1"
    },
    "marge": {
      "options": {
        "id": "default",
        "reportDir": "cypress/reports/mocha",
        "quite": true,
        "overwrite": false,
        "html": false,
        "json": true
      },
      "version": "5.1.0"
    }
  }
}