{
  "stats": {
    "suites": 1,
    "tests": 1,
    "passes": 1,
    "pending": 0,
    "failures": 0,
    "start": "2020-07-17T19:32:21.768Z",
    "end": "2020-07-17T19:32:44.650Z",
    "duration": 22882,
    "testsRegistered": 1,
    "passPercent": 100,
    "pendingPercent": 0,
    "other": 0,
    "hasOther": false,
    "skipped": 0,
    "hasSkipped": false
  },
  "results": [
    {
      "uuid": "d0901742-a4af-47d2-8d31-90169a64fd58",
      "title": "",
      "fullFile": "cypress\\integration\\cucumber-tests\\HomePage\\REQ-UI-10.feature",
      "file": "cypress\\integration\\cucumber-tests\\HomePage\\REQ-UI-10.feature",
      "beforeHooks": [],
      "afterHooks": [],
      "tests": [],
      "suites": [
        {
          "uuid": "516874d1-1c4d-41d3-a968-b62c6417ed8e",
          "title": "REQ-UI-10",
          "fullFile": "",
          "file": "",
          "beforeHooks": [],
          "afterHooks": [],
          "tests": [
            {
              "title": "The following text should be visible on the Home page in <p> tag: \"This site is dedicated to perform some exercises and demonstrate automated web testing.\"",
              "fullTitle": "REQ-UI-10 The following text should be visible on the Home page in <p> tag: \"This site is dedicated to perform some exercises and demonstrate automated web testing.\"",
              "timedOut": null,
              "duration": 12615,
              "state": "passed",
              "speed": "slow",
              "pass": true,
              "fail": false,
              "pending": false,
              "context": null,
              "code": "const state = window.testState;\nreturn cy\n  .then(() => state.onStartScenario(scenario, indexedSteps))\n  .then(() =>\n    resolveAndRunBeforeHooks.call(this, scenario.tags, state.feature.name)\n  )\n  .then(() =>\n    indexedSteps.forEach(step =>\n      stepTest.call(this, state, step, rowData)\n    )\n  )\n  .then(() =>\n    resolveAndRunAfterHooks.call(this, scenario.tags, state.feature.name)\n  )\n  .then(() => state.onFinishScenario(scenario));",
              "err": {},
              "uuid": "f5a00e7f-d3b0-4d0d-8ece-c635ca464dfa",
              "parentUUID": "516874d1-1c4d-41d3-a968-b62c6417ed8e",
              "isHook": false,
              "skipped": false
            }
          ],
          "suites": [],
          "passes": [
            "f5a00e7f-d3b0-4d0d-8ece-c635ca464dfa"
          ],
          "failures": [],
          "pending": [],
          "skipped": [],
          "duration": 12615,
          "root": false,
          "rootEmpty": false,
          "_timeout": 2000
        }
      ],
      "passes": [],
      "failures": [],
      "pending": [],
      "skipped": [],
      "duration": 0,
      "root": true,
      "rootEmpty": true,
      "_timeout": 2000
    }
  ],
  "meta": {
    "mocha": {
      "version": "7.0.1"
    },
    "mochawesome": {
      "options": {
        "quiet": false,
        "reportFilename": "mochawesome",
        "saveHtml": false,
        "saveJson": true,
        "consoleReporter": "spec",
        "useInlineDiffs": false,
        "code": true
      },
      "version": "6.1.1"
    },
    "marge": {
      "options": {
        "id": "default",
        "reportDir": "cypress/reports/mocha",
        "quite": true,
        "overwrite": false,
        "html": false,
        "json": true
      },
      "version": "5.1.0"
    }
  }
}