{
  "stats": {
    "suites": 1,
    "tests": 1,
    "passes": 1,
    "pending": 0,
    "failures": 0,
    "start": "2020-07-17T19:25:25.638Z",
    "end": "2020-07-17T19:25:48.605Z",
    "duration": 22967,
    "testsRegistered": 1,
    "passPercent": 100,
    "pendingPercent": 0,
    "other": 0,
    "hasOther": false,
    "skipped": 0,
    "hasSkipped": false
  },
  "results": [
    {
      "uuid": "74504ca8-7b97-4c4b-bffc-f8e1827e38e8",
      "title": "",
      "fullFile": "cypress\\integration\\cucumber-tests\\HomePage\\REQ-UI-04.feature",
      "file": "cypress\\integration\\cucumber-tests\\HomePage\\REQ-UI-04.feature",
      "beforeHooks": [],
      "afterHooks": [],
      "tests": [],
      "suites": [
        {
          "uuid": "cec43709-9f41-489c-822d-9e6f913beeff",
          "title": "REQ-UI-04",
          "fullFile": "",
          "file": "",
          "beforeHooks": [],
          "afterHooks": [],
          "tests": [
            {
              "title": "When I click on the Home button, it should turn to active status",
              "fullTitle": "REQ-UI-04 When I click on the Home button, it should turn to active status",
              "timedOut": null,
              "duration": 10081,
              "state": "passed",
              "speed": "slow",
              "pass": true,
              "fail": false,
              "pending": false,
              "context": null,
              "code": "const state = window.testState;\nreturn cy\n  .then(() => state.onStartScenario(scenario, indexedSteps))\n  .then(() =>\n    resolveAndRunBeforeHooks.call(this, scenario.tags, state.feature.name)\n  )\n  .then(() =>\n    indexedSteps.forEach(step =>\n      stepTest.call(this, state, step, rowData)\n    )\n  )\n  .then(() =>\n    resolveAndRunAfterHooks.call(this, scenario.tags, state.feature.name)\n  )\n  .then(() => state.onFinishScenario(scenario));",
              "err": {},
              "uuid": "067382b7-015d-4218-acc4-e868386b8b3c",
              "parentUUID": "cec43709-9f41-489c-822d-9e6f913beeff",
              "isHook": false,
              "skipped": false
            }
          ],
          "suites": [],
          "passes": [
            "067382b7-015d-4218-acc4-e868386b8b3c"
          ],
          "failures": [],
          "pending": [],
          "skipped": [],
          "duration": 10081,
          "root": false,
          "rootEmpty": false,
          "_timeout": 2000
        }
      ],
      "passes": [],
      "failures": [],
      "pending": [],
      "skipped": [],
      "duration": 0,
      "root": true,
      "rootEmpty": true,
      "_timeout": 2000
    }
  ],
  "meta": {
    "mocha": {
      "version": "7.0.1"
    },
    "mochawesome": {
      "options": {
        "quiet": false,
        "reportFilename": "mochawesome",
        "saveHtml": false,
        "saveJson": true,
        "consoleReporter": "spec",
        "useInlineDiffs": false,
        "code": true
      },
      "version": "6.1.1"
    },
    "marge": {
      "options": {
        "id": "default",
        "reportDir": "cypress/reports/mocha",
        "quite": true,
        "overwrite": false,
        "html": false,
        "json": true
      },
      "version": "5.1.0"
    }
  }
}