{
  "stats": {
    "suites": 12,
    "tests": 25,
    "passes": 21,
    "pending": 0,
    "failures": 4,
    "start": "2020-07-17T19:35:12.753Z",
    "end": "2020-07-17T19:35:12.753Z",
    "duration": 279456,
    "testsRegistered": 25,
    "passPercent": 84,
    "pendingPercent": 0,
    "other": 0,
    "hasOther": false,
    "skipped": 0,
    "hasSkipped": false
  },
  "results": [
    {
      "uuid": "d1f27ba4-21d1-42e8-a095-9cce060e37a5",
      "title": "",
      "fullFile": "cypress\\integration\\cucumber-tests\\BasePage\\REQ-UI-02.feature",
      "file": "cypress\\integration\\cucumber-tests\\BasePage\\REQ-UI-02.feature",
      "beforeHooks": [],
      "afterHooks": [],
      "tests": [],
      "suites": [
        {
          "uuid": "fd714463-8f61-44c0-8d61-ccad45616602",
          "title": "REQ-UI-02",
          "fullFile": "",
          "file": "",
          "beforeHooks": [],
          "afterHooks": [],
          "tests": [
            {
              "title": "The Company Logo should be visible on every site (example #1)",
              "fullTitle": "REQ-UI-02 The Company Logo should be visible on every site (example #1)",
              "timedOut": null,
              "duration": 14221,
              "state": "passed",
              "speed": "slow",
              "pass": true,
              "fail": false,
              "pending": false,
              "context": null,
              "code": "const state = window.testState;\nreturn cy\n  .then(() => state.onStartScenario(scenario, indexedSteps))\n  .then(() =>\n    resolveAndRunBeforeHooks.call(this, scenario.tags, state.feature.name)\n  )\n  .then(() =>\n    indexedSteps.forEach(step =>\n      stepTest.call(this, state, step, rowData)\n    )\n  )\n  .then(() =>\n    resolveAndRunAfterHooks.call(this, scenario.tags, state.feature.name)\n  )\n  .then(() => state.onFinishScenario(scenario));",
              "err": {},
              "uuid": "8e690eef-14e5-47bd-abea-fdae5a80929f",
              "parentUUID": "fd714463-8f61-44c0-8d61-ccad45616602",
              "isHook": false,
              "skipped": false
            },
            {
              "title": "The Company Logo should be visible on every site (example #2)",
              "fullTitle": "REQ-UI-02 The Company Logo should be visible on every site (example #2)",
              "timedOut": null,
              "duration": 6747,
              "state": "passed",
              "speed": "slow",
              "pass": true,
              "fail": false,
              "pending": false,
              "context": null,
              "code": "const state = window.testState;\nreturn cy\n  .then(() => state.onStartScenario(scenario, indexedSteps))\n  .then(() =>\n    resolveAndRunBeforeHooks.call(this, scenario.tags, state.feature.name)\n  )\n  .then(() =>\n    indexedSteps.forEach(step =>\n      stepTest.call(this, state, step, rowData)\n    )\n  )\n  .then(() =>\n    resolveAndRunAfterHooks.call(this, scenario.tags, state.feature.name)\n  )\n  .then(() => state.onFinishScenario(scenario));",
              "err": {},
              "uuid": "4ae5a0a3-63fa-46b7-838a-2b32de6654d6",
              "parentUUID": "fd714463-8f61-44c0-8d61-ccad45616602",
              "isHook": false,
              "skipped": false
            },
            {
              "title": "The Company Logo should be visible on every site (example #3)",
              "fullTitle": "REQ-UI-02 The Company Logo should be visible on every site (example #3)",
              "timedOut": null,
              "duration": 17118,
              "state": "failed",
              "speed": null,
              "pass": false,
              "fail": true,
              "pending": false,
              "context": null,
              "code": "const state = window.testState;\nreturn cy\n  .then(() => state.onStartScenario(scenario, indexedSteps))\n  .then(() =>\n    resolveAndRunBeforeHooks.call(this, scenario.tags, state.feature.name)\n  )\n  .then(() =>\n    indexedSteps.forEach(step =>\n      stepTest.call(this, state, step, rowData)\n    )\n  )\n  .then(() =>\n    resolveAndRunAfterHooks.call(this, scenario.tags, state.feature.name)\n  )\n  .then(() => state.onFinishScenario(scenario));",
              "err": {
                "message": "AssertionError: Timed out retrying: Expected to find element: `div[class=\"jumbotron\"]`, but never found it.",
                "estack": "AssertionError: Timed out retrying: Expected to find element: `div[class=\"jumbotron\"]`, but never found it.\n    at Function.verifyLogo (http://uitest.duodecadits.com/__cypress/tests?p=cypress\\integration\\cucumber-tests\\BasePage\\REQ-UI-02.feature:111:10)\n    at Context.eval (http://uitest.duodecadits.com/__cypress/tests?p=cypress\\integration\\cucumber-tests\\BasePage\\REQ-UI-02.feature:506:24)\n    at Context.resolveAndRunStepDefinition (http://uitest.duodecadits.com/__cypress/tests?p=cypress\\integration\\cucumber-tests\\BasePage\\REQ-UI-02.feature:11206:9)\n    at Context.eval (http://uitest.duodecadits.com/__cypress/tests?p=cypress\\integration\\cucumber-tests\\BasePage\\REQ-UI-02.feature:10548:35)",
                "diff": null
              },
              "uuid": "93921d22-4ef6-4b90-abab-916b77fcef1f",
              "parentUUID": "fd714463-8f61-44c0-8d61-ccad45616602",
              "isHook": false,
              "skipped": false
            },
            {
              "title": "The Company Logo should be visible on every site (example #4)",
              "fullTitle": "REQ-UI-02 The Company Logo should be visible on every site (example #4)",
              "timedOut": null,
              "duration": 7846,
              "state": "passed",
              "speed": "slow",
              "pass": true,
              "fail": false,
              "pending": false,
              "context": null,
              "code": "const state = window.testState;\nreturn cy\n  .then(() => state.onStartScenario(scenario, indexedSteps))\n  .then(() =>\n    resolveAndRunBeforeHooks.call(this, scenario.tags, state.feature.name)\n  )\n  .then(() =>\n    indexedSteps.forEach(step =>\n      stepTest.call(this, state, step, rowData)\n    )\n  )\n  .then(() =>\n    resolveAndRunAfterHooks.call(this, scenario.tags, state.feature.name)\n  )\n  .then(() => state.onFinishScenario(scenario));",
              "err": {},
              "uuid": "04574d85-58e0-4a59-b3e7-60aa9ae73252",
              "parentUUID": "fd714463-8f61-44c0-8d61-ccad45616602",
              "isHook": false,
              "skipped": false
            }
          ],
          "suites": [],
          "passes": [
            "8e690eef-14e5-47bd-abea-fdae5a80929f",
            "4ae5a0a3-63fa-46b7-838a-2b32de6654d6",
            "04574d85-58e0-4a59-b3e7-60aa9ae73252"
          ],
          "failures": [
            "93921d22-4ef6-4b90-abab-916b77fcef1f"
          ],
          "pending": [],
          "skipped": [],
          "duration": 45932,
          "root": false,
          "rootEmpty": false,
          "_timeout": 2000
        }
      ],
      "passes": [],
      "failures": [],
      "pending": [],
      "skipped": [],
      "duration": 0,
      "root": true,
      "rootEmpty": true,
      "_timeout": 2000
    },
    {
      "uuid": "b06f9b9a-ddc5-4261-a585-98fd8db6233d",
      "title": "",
      "fullFile": "cypress\\integration\\cucumber-tests\\HomePage\\REQ-UI-03.feature",
      "file": "cypress\\integration\\cucumber-tests\\HomePage\\REQ-UI-03.feature",
      "beforeHooks": [],
      "afterHooks": [],
      "tests": [],
      "suites": [
        {
          "uuid": "6c4b172e-ce87-45f9-9dd1-da53f140e6d1",
          "title": "REQ-UI-03",
          "fullFile": "",
          "file": "",
          "beforeHooks": [],
          "afterHooks": [],
          "tests": [
            {
              "title": "Navigated to the home",
              "fullTitle": "REQ-UI-03 Navigated to the home",
              "timedOut": null,
              "duration": 13986,
              "state": "passed",
              "speed": "slow",
              "pass": true,
              "fail": false,
              "pending": false,
              "context": null,
              "code": "const state = window.testState;\nreturn cy\n  .then(() => state.onStartScenario(scenario, indexedSteps))\n  .then(() =>\n    resolveAndRunBeforeHooks.call(this, scenario.tags, state.feature.name)\n  )\n  .then(() =>\n    indexedSteps.forEach(step =>\n      stepTest.call(this, state, step, rowData)\n    )\n  )\n  .then(() =>\n    resolveAndRunAfterHooks.call(this, scenario.tags, state.feature.name)\n  )\n  .then(() => state.onFinishScenario(scenario));",
              "err": {},
              "uuid": "a54a13ce-afe4-4adc-a2b0-2113fdb38477",
              "parentUUID": "6c4b172e-ce87-45f9-9dd1-da53f140e6d1",
              "isHook": false,
              "skipped": false
            }
          ],
          "suites": [],
          "passes": [
            "a54a13ce-afe4-4adc-a2b0-2113fdb38477"
          ],
          "failures": [],
          "pending": [],
          "skipped": [],
          "duration": 13986,
          "root": false,
          "rootEmpty": false,
          "_timeout": 2000
        }
      ],
      "passes": [],
      "failures": [],
      "pending": [],
      "skipped": [],
      "duration": 0,
      "root": true,
      "rootEmpty": true,
      "_timeout": 2000
    },
    {
      "uuid": "74504ca8-7b97-4c4b-bffc-f8e1827e38e8",
      "title": "",
      "fullFile": "cypress\\integration\\cucumber-tests\\HomePage\\REQ-UI-04.feature",
      "file": "cypress\\integration\\cucumber-tests\\HomePage\\REQ-UI-04.feature",
      "beforeHooks": [],
      "afterHooks": [],
      "tests": [],
      "suites": [
        {
          "uuid": "cec43709-9f41-489c-822d-9e6f913beeff",
          "title": "REQ-UI-04",
          "fullFile": "",
          "file": "",
          "beforeHooks": [],
          "afterHooks": [],
          "tests": [
            {
              "title": "When I click on the Home button, it should turn to active status",
              "fullTitle": "REQ-UI-04 When I click on the Home button, it should turn to active status",
              "timedOut": null,
              "duration": 10081,
              "state": "passed",
              "speed": "slow",
              "pass": true,
              "fail": false,
              "pending": false,
              "context": null,
              "code": "const state = window.testState;\nreturn cy\n  .then(() => state.onStartScenario(scenario, indexedSteps))\n  .then(() =>\n    resolveAndRunBeforeHooks.call(this, scenario.tags, state.feature.name)\n  )\n  .then(() =>\n    indexedSteps.forEach(step =>\n      stepTest.call(this, state, step, rowData)\n    )\n  )\n  .then(() =>\n    resolveAndRunAfterHooks.call(this, scenario.tags, state.feature.name)\n  )\n  .then(() => state.onFinishScenario(scenario));",
              "err": {},
              "uuid": "067382b7-015d-4218-acc4-e868386b8b3c",
              "parentUUID": "cec43709-9f41-489c-822d-9e6f913beeff",
              "isHook": false,
              "skipped": false
            }
          ],
          "suites": [],
          "passes": [
            "067382b7-015d-4218-acc4-e868386b8b3c"
          ],
          "failures": [],
          "pending": [],
          "skipped": [],
          "duration": 10081,
          "root": false,
          "rootEmpty": false,
          "_timeout": 2000
        }
      ],
      "passes": [],
      "failures": [],
      "pending": [],
      "skipped": [],
      "duration": 0,
      "root": true,
      "rootEmpty": true,
      "_timeout": 2000
    },
    {
      "uuid": "b8dda86b-3a4a-45bd-8a96-6e1c783f3066",
      "title": "",
      "fullFile": "cypress\\integration\\cucumber-tests\\FormPage\\REQ-UI-05.feature",
      "file": "cypress\\integration\\cucumber-tests\\FormPage\\REQ-UI-05.feature",
      "beforeHooks": [],
      "afterHooks": [],
      "tests": [],
      "suites": [
        {
          "uuid": "618b3eee-db5c-4c78-bcd5-b13af4e45fbb",
          "title": "REQ-UI-05",
          "fullFile": "",
          "file": "",
          "beforeHooks": [],
          "afterHooks": [],
          "tests": [
            {
              "title": "Navigated to the form page",
              "fullTitle": "REQ-UI-05 Navigated to the form page",
              "timedOut": null,
              "duration": 10175,
              "state": "passed",
              "speed": "slow",
              "pass": true,
              "fail": false,
              "pending": false,
              "context": null,
              "code": "const state = window.testState;\nreturn cy\n  .then(() => state.onStartScenario(scenario, indexedSteps))\n  .then(() =>\n    resolveAndRunBeforeHooks.call(this, scenario.tags, state.feature.name)\n  )\n  .then(() =>\n    indexedSteps.forEach(step =>\n      stepTest.call(this, state, step, rowData)\n    )\n  )\n  .then(() =>\n    resolveAndRunAfterHooks.call(this, scenario.tags, state.feature.name)\n  )\n  .then(() => state.onFinishScenario(scenario));",
              "err": {},
              "uuid": "5983187e-1b83-40b0-b417-f2c25042dd90",
              "parentUUID": "618b3eee-db5c-4c78-bcd5-b13af4e45fbb",
              "isHook": false,
              "skipped": false
            }
          ],
          "suites": [],
          "passes": [
            "5983187e-1b83-40b0-b417-f2c25042dd90"
          ],
          "failures": [],
          "pending": [],
          "skipped": [],
          "duration": 10175,
          "root": false,
          "rootEmpty": false,
          "_timeout": 2000
        }
      ],
      "passes": [],
      "failures": [],
      "pending": [],
      "skipped": [],
      "duration": 0,
      "root": true,
      "rootEmpty": true,
      "_timeout": 2000
    },
    {
      "uuid": "c4dd1f22-6e8e-483f-b4fa-166eec95907d",
      "title": "",
      "fullFile": "cypress\\integration\\cucumber-tests\\FormPage\\REQ-UI-06.feature",
      "file": "cypress\\integration\\cucumber-tests\\FormPage\\REQ-UI-06.feature",
      "beforeHooks": [],
      "afterHooks": [],
      "tests": [],
      "suites": [
        {
          "uuid": "8b02dc37-2bb2-4d04-9f2c-371a0cfa791b",
          "title": "REQ-UI-06",
          "fullFile": "",
          "file": "",
          "beforeHooks": [],
          "afterHooks": [],
          "tests": [
            {
              "title": "When I click on the Form button, it should turn to active status",
              "fullTitle": "REQ-UI-06 When I click on the Form button, it should turn to active status",
              "timedOut": null,
              "duration": 11494,
              "state": "passed",
              "speed": "slow",
              "pass": true,
              "fail": false,
              "pending": false,
              "context": null,
              "code": "const state = window.testState;\nreturn cy\n  .then(() => state.onStartScenario(scenario, indexedSteps))\n  .then(() =>\n    resolveAndRunBeforeHooks.call(this, scenario.tags, state.feature.name)\n  )\n  .then(() =>\n    indexedSteps.forEach(step =>\n      stepTest.call(this, state, step, rowData)\n    )\n  )\n  .then(() =>\n    resolveAndRunAfterHooks.call(this, scenario.tags, state.feature.name)\n  )\n  .then(() => state.onFinishScenario(scenario));",
              "err": {},
              "uuid": "3b0bfe5a-f0a7-410b-9215-1e755c32e38a",
              "parentUUID": "8b02dc37-2bb2-4d04-9f2c-371a0cfa791b",
              "isHook": false,
              "skipped": false
            }
          ],
          "suites": [],
          "passes": [
            "3b0bfe5a-f0a7-410b-9215-1e755c32e38a"
          ],
          "failures": [],
          "pending": [],
          "skipped": [],
          "duration": 11494,
          "root": false,
          "rootEmpty": false,
          "_timeout": 2000
        }
      ],
      "passes": [],
      "failures": [],
      "pending": [],
      "skipped": [],
      "duration": 0,
      "root": true,
      "rootEmpty": true,
      "_timeout": 2000
    },
    {
      "uuid": "a633a74c-0a17-4360-9975-7f6949ef67df",
      "title": "",
      "fullFile": "cypress\\integration\\cucumber-tests\\ErrorPage\\REQ-UI-07.feature",
      "file": "cypress\\integration\\cucumber-tests\\ErrorPage\\REQ-UI-07.feature",
      "beforeHooks": [],
      "afterHooks": [],
      "tests": [],
      "suites": [
        {
          "uuid": "c5371b12-7806-4470-a437-ede1f928e638",
          "title": "REQ-UI-07",
          "fullFile": "",
          "file": "",
          "beforeHooks": [],
          "afterHooks": [],
          "tests": [
            {
              "title": "Getting the true status code - When I click on the Error button, I should get a 404 HTTP response code",
              "fullTitle": "REQ-UI-07 Getting the true status code - When I click on the Error button, I should get a 404 HTTP response code",
              "timedOut": null,
              "duration": 15150,
              "state": "passed",
              "speed": "slow",
              "pass": true,
              "fail": false,
              "pending": false,
              "context": null,
              "code": "const state = window.testState;\nreturn cy\n  .then(() => state.onStartScenario(scenario, indexedSteps))\n  .then(() =>\n    resolveAndRunBeforeHooks.call(this, scenario.tags, state.feature.name)\n  )\n  .then(() =>\n    indexedSteps.forEach(step =>\n      stepTest.call(this, state, step, rowData)\n    )\n  )\n  .then(() =>\n    resolveAndRunAfterHooks.call(this, scenario.tags, state.feature.name)\n  )\n  .then(() => state.onFinishScenario(scenario));",
              "err": {},
              "uuid": "00b1fc6a-35c8-48e2-848c-df64fca8b9ca",
              "parentUUID": "c5371b12-7806-4470-a437-ede1f928e638",
              "isHook": false,
              "skipped": false
            },
            {
              "title": "REQ-UI-07 - Getting the HTML error - When I click on the Error button, I should get a 404 HTTP response code",
              "fullTitle": "REQ-UI-07 REQ-UI-07 - Getting the HTML error - When I click on the Error button, I should get a 404 HTTP response code",
              "timedOut": null,
              "duration": 6655,
              "state": "passed",
              "speed": "slow",
              "pass": true,
              "fail": false,
              "pending": false,
              "context": null,
              "code": "const state = window.testState;\nreturn cy\n  .then(() => state.onStartScenario(scenario, indexedSteps))\n  .then(() =>\n    resolveAndRunBeforeHooks.call(this, scenario.tags, state.feature.name)\n  )\n  .then(() =>\n    indexedSteps.forEach(step =>\n      stepTest.call(this, state, step, rowData)\n    )\n  )\n  .then(() =>\n    resolveAndRunAfterHooks.call(this, scenario.tags, state.feature.name)\n  )\n  .then(() => state.onFinishScenario(scenario));",
              "err": {},
              "uuid": "53bd0394-0a5a-4d86-8cc1-8e39d0371716",
              "parentUUID": "c5371b12-7806-4470-a437-ede1f928e638",
              "isHook": false,
              "skipped": false
            }
          ],
          "suites": [],
          "passes": [
            "00b1fc6a-35c8-48e2-848c-df64fca8b9ca",
            "53bd0394-0a5a-4d86-8cc1-8e39d0371716"
          ],
          "failures": [],
          "pending": [],
          "skipped": [],
          "duration": 21805,
          "root": false,
          "rootEmpty": false,
          "_timeout": 2000
        }
      ],
      "passes": [],
      "failures": [],
      "pending": [],
      "skipped": [],
      "duration": 0,
      "root": true,
      "rootEmpty": true,
      "_timeout": 2000
    },
    {
      "uuid": "de707cf0-fd18-4b45-b9af-5031131d033e",
      "title": "",
      "fullFile": "cypress\\integration\\cucumber-tests\\BasePage\\REQ-UI-08.feature",
      "file": "cypress\\integration\\cucumber-tests\\BasePage\\REQ-UI-08.feature",
      "beforeHooks": [],
      "afterHooks": [],
      "tests": [],
      "suites": [
        {
          "uuid": "f31048ad-02dc-458f-a8b6-3d9887e0145d",
          "title": "REQ-UI-08",
          "fullFile": "",
          "file": "",
          "beforeHooks": [],
          "afterHooks": [],
          "tests": [
            {
              "title": "When I click on the UI Testing button, I should get navigated to the Home page (example #1)",
              "fullTitle": "REQ-UI-08 When I click on the UI Testing button, I should get navigated to the Home page (example #1)",
              "timedOut": null,
              "duration": 10290,
              "state": "passed",
              "speed": "slow",
              "pass": true,
              "fail": false,
              "pending": false,
              "context": null,
              "code": "const state = window.testState;\nreturn cy\n  .then(() => state.onStartScenario(scenario, indexedSteps))\n  .then(() =>\n    resolveAndRunBeforeHooks.call(this, scenario.tags, state.feature.name)\n  )\n  .then(() =>\n    indexedSteps.forEach(step =>\n      stepTest.call(this, state, step, rowData)\n    )\n  )\n  .then(() =>\n    resolveAndRunAfterHooks.call(this, scenario.tags, state.feature.name)\n  )\n  .then(() => state.onFinishScenario(scenario));",
              "err": {},
              "uuid": "4db82405-e591-4e6a-a5ce-5c9371c9979d",
              "parentUUID": "f31048ad-02dc-458f-a8b6-3d9887e0145d",
              "isHook": false,
              "skipped": false
            },
            {
              "title": "When I click on the UI Testing button, I should get navigated to the Home page (example #2)",
              "fullTitle": "REQ-UI-08 When I click on the UI Testing button, I should get navigated to the Home page (example #2)",
              "timedOut": null,
              "duration": 9068,
              "state": "passed",
              "speed": "slow",
              "pass": true,
              "fail": false,
              "pending": false,
              "context": null,
              "code": "const state = window.testState;\nreturn cy\n  .then(() => state.onStartScenario(scenario, indexedSteps))\n  .then(() =>\n    resolveAndRunBeforeHooks.call(this, scenario.tags, state.feature.name)\n  )\n  .then(() =>\n    indexedSteps.forEach(step =>\n      stepTest.call(this, state, step, rowData)\n    )\n  )\n  .then(() =>\n    resolveAndRunAfterHooks.call(this, scenario.tags, state.feature.name)\n  )\n  .then(() => state.onFinishScenario(scenario));",
              "err": {},
              "uuid": "d1fbeac4-0b06-4f58-a75a-b75b30f60514",
              "parentUUID": "f31048ad-02dc-458f-a8b6-3d9887e0145d",
              "isHook": false,
              "skipped": false
            },
            {
              "title": "When I click on the UI Testing button, I should get navigated to the Home page (example #3)",
              "fullTitle": "REQ-UI-08 When I click on the UI Testing button, I should get navigated to the Home page (example #3)",
              "timedOut": null,
              "duration": 16170,
              "state": "failed",
              "speed": null,
              "pass": false,
              "fail": true,
              "pending": false,
              "context": null,
              "code": "const state = window.testState;\nreturn cy\n  .then(() => state.onStartScenario(scenario, indexedSteps))\n  .then(() =>\n    resolveAndRunBeforeHooks.call(this, scenario.tags, state.feature.name)\n  )\n  .then(() =>\n    indexedSteps.forEach(step =>\n      stepTest.call(this, state, step, rowData)\n    )\n  )\n  .then(() =>\n    resolveAndRunAfterHooks.call(this, scenario.tags, state.feature.name)\n  )\n  .then(() => state.onFinishScenario(scenario));",
              "err": {
                "message": "AssertionError: Timed out retrying: Expected to find element: `#site`, but never found it.",
                "estack": "AssertionError: Timed out retrying: Expected to find element: `#site`, but never found it.\n    at Function.clickHomePage (http://uitest.duodecadits.com/__cypress/tests?p=cypress\\integration\\cucumber-tests\\BasePage\\REQ-UI-08.feature:116:10)\n    at Context.eval (http://uitest.duodecadits.com/__cypress/tests?p=cypress\\integration\\cucumber-tests\\BasePage\\REQ-UI-08.feature:634:24)\n    at Context.resolveAndRunStepDefinition (http://uitest.duodecadits.com/__cypress/tests?p=cypress\\integration\\cucumber-tests\\BasePage\\REQ-UI-08.feature:11206:9)\n    at Context.eval (http://uitest.duodecadits.com/__cypress/tests?p=cypress\\integration\\cucumber-tests\\BasePage\\REQ-UI-08.feature:10548:35)",
                "diff": null
              },
              "uuid": "68e573df-fd96-47d4-b5c9-fb81bc093851",
              "parentUUID": "f31048ad-02dc-458f-a8b6-3d9887e0145d",
              "isHook": false,
              "skipped": false
            },
            {
              "title": "When I click on the UI Testing button, I should get navigated to the Home page (example #4)",
              "fullTitle": "REQ-UI-08 When I click on the UI Testing button, I should get navigated to the Home page (example #4)",
              "timedOut": null,
              "duration": 17433,
              "state": "failed",
              "speed": null,
              "pass": false,
              "fail": true,
              "pending": false,
              "context": null,
              "code": "const state = window.testState;\nreturn cy\n  .then(() => state.onStartScenario(scenario, indexedSteps))\n  .then(() =>\n    resolveAndRunBeforeHooks.call(this, scenario.tags, state.feature.name)\n  )\n  .then(() =>\n    indexedSteps.forEach(step =>\n      stepTest.call(this, state, step, rowData)\n    )\n  )\n  .then(() =>\n    resolveAndRunAfterHooks.call(this, scenario.tags, state.feature.name)\n  )\n  .then(() => state.onFinishScenario(scenario));",
              "err": {
                "message": "AssertionError: Timed out retrying: Expected to find element: `#site`, but never found it.",
                "estack": "AssertionError: Timed out retrying: Expected to find element: `#site`, but never found it.\n    at Function.clickHomePage (http://uitest.duodecadits.com/__cypress/tests?p=cypress\\integration\\cucumber-tests\\BasePage\\REQ-UI-08.feature:116:10)\n    at Context.eval (http://uitest.duodecadits.com/__cypress/tests?p=cypress\\integration\\cucumber-tests\\BasePage\\REQ-UI-08.feature:634:24)\n    at Context.resolveAndRunStepDefinition (http://uitest.duodecadits.com/__cypress/tests?p=cypress\\integration\\cucumber-tests\\BasePage\\REQ-UI-08.feature:11206:9)\n    at Context.eval (http://uitest.duodecadits.com/__cypress/tests?p=cypress\\integration\\cucumber-tests\\BasePage\\REQ-UI-08.feature:10548:35)",
                "diff": null
              },
              "uuid": "5b82ca8d-af08-40b8-a611-d4e6246f64f2",
              "parentUUID": "f31048ad-02dc-458f-a8b6-3d9887e0145d",
              "isHook": false,
              "skipped": false
            }
          ],
          "suites": [],
          "passes": [
            "4db82405-e591-4e6a-a5ce-5c9371c9979d",
            "d1fbeac4-0b06-4f58-a75a-b75b30f60514"
          ],
          "failures": [
            "68e573df-fd96-47d4-b5c9-fb81bc093851",
            "5b82ca8d-af08-40b8-a611-d4e6246f64f2"
          ],
          "pending": [],
          "skipped": [],
          "duration": 52961,
          "root": false,
          "rootEmpty": false,
          "_timeout": 2000
        }
      ],
      "passes": [],
      "failures": [],
      "pending": [],
      "skipped": [],
      "duration": 0,
      "root": true,
      "rootEmpty": true,
      "_timeout": 2000
    },
    {
      "uuid": "aca41877-ed03-4ed7-b21a-78a160638ec6",
      "title": "",
      "fullFile": "cypress\\integration\\cucumber-tests\\HomePage\\REQ-UI-09.feature",
      "file": "cypress\\integration\\cucumber-tests\\HomePage\\REQ-UI-09.feature",
      "beforeHooks": [],
      "afterHooks": [],
      "tests": [],
      "suites": [
        {
          "uuid": "8acf282e-4897-4523-926d-2049ecd2c769",
          "title": "REQ-UI-09",
          "fullFile": "",
          "file": "",
          "beforeHooks": [],
          "afterHooks": [],
          "tests": [
            {
              "title": "The following text should be visible on the Home page in <h1> tag: \"Welcome to the Docler Holding QA Department\"",
              "fullTitle": "REQ-UI-09 The following text should be visible on the Home page in <h1> tag: \"Welcome to the Docler Holding QA Department\"",
              "timedOut": null,
              "duration": 10035,
              "state": "passed",
              "speed": "slow",
              "pass": true,
              "fail": false,
              "pending": false,
              "context": null,
              "code": "const state = window.testState;\nreturn cy\n  .then(() => state.onStartScenario(scenario, indexedSteps))\n  .then(() =>\n    resolveAndRunBeforeHooks.call(this, scenario.tags, state.feature.name)\n  )\n  .then(() =>\n    indexedSteps.forEach(step =>\n      stepTest.call(this, state, step, rowData)\n    )\n  )\n  .then(() =>\n    resolveAndRunAfterHooks.call(this, scenario.tags, state.feature.name)\n  )\n  .then(() => state.onFinishScenario(scenario));",
              "err": {},
              "uuid": "44765672-c1e6-4bcd-9a82-bc9de3a72c2e",
              "parentUUID": "8acf282e-4897-4523-926d-2049ecd2c769",
              "isHook": false,
              "skipped": false
            }
          ],
          "suites": [],
          "passes": [
            "44765672-c1e6-4bcd-9a82-bc9de3a72c2e"
          ],
          "failures": [],
          "pending": [],
          "skipped": [],
          "duration": 10035,
          "root": false,
          "rootEmpty": false,
          "_timeout": 2000
        }
      ],
      "passes": [],
      "failures": [],
      "pending": [],
      "skipped": [],
      "duration": 0,
      "root": true,
      "rootEmpty": true,
      "_timeout": 2000
    },
    {
      "uuid": "d0901742-a4af-47d2-8d31-90169a64fd58",
      "title": "",
      "fullFile": "cypress\\integration\\cucumber-tests\\HomePage\\REQ-UI-10.feature",
      "file": "cypress\\integration\\cucumber-tests\\HomePage\\REQ-UI-10.feature",
      "beforeHooks": [],
      "afterHooks": [],
      "tests": [],
      "suites": [
        {
          "uuid": "516874d1-1c4d-41d3-a968-b62c6417ed8e",
          "title": "REQ-UI-10",
          "fullFile": "",
          "file": "",
          "beforeHooks": [],
          "afterHooks": [],
          "tests": [
            {
              "title": "The following text should be visible on the Home page in <p> tag: \"This site is dedicated to perform some exercises and demonstrate automated web testing.\"",
              "fullTitle": "REQ-UI-10 The following text should be visible on the Home page in <p> tag: \"This site is dedicated to perform some exercises and demonstrate automated web testing.\"",
              "timedOut": null,
              "duration": 12615,
              "state": "passed",
              "speed": "slow",
              "pass": true,
              "fail": false,
              "pending": false,
              "context": null,
              "code": "const state = window.testState;\nreturn cy\n  .then(() => state.onStartScenario(scenario, indexedSteps))\n  .then(() =>\n    resolveAndRunBeforeHooks.call(this, scenario.tags, state.feature.name)\n  )\n  .then(() =>\n    indexedSteps.forEach(step =>\n      stepTest.call(this, state, step, rowData)\n    )\n  )\n  .then(() =>\n    resolveAndRunAfterHooks.call(this, scenario.tags, state.feature.name)\n  )\n  .then(() => state.onFinishScenario(scenario));",
              "err": {},
              "uuid": "f5a00e7f-d3b0-4d0d-8ece-c635ca464dfa",
              "parentUUID": "516874d1-1c4d-41d3-a968-b62c6417ed8e",
              "isHook": false,
              "skipped": false
            }
          ],
          "suites": [],
          "passes": [
            "f5a00e7f-d3b0-4d0d-8ece-c635ca464dfa"
          ],
          "failures": [],
          "pending": [],
          "skipped": [],
          "duration": 12615,
          "root": false,
          "rootEmpty": false,
          "_timeout": 2000
        }
      ],
      "passes": [],
      "failures": [],
      "pending": [],
      "skipped": [],
      "duration": 0,
      "root": true,
      "rootEmpty": true,
      "_timeout": 2000
    },
    {
      "uuid": "5568a347-23a7-4dbe-94d9-ddedd891941d",
      "title": "",
      "fullFile": "cypress\\integration\\cucumber-tests\\FormPage\\REQ-UI-11.feature",
      "file": "cypress\\integration\\cucumber-tests\\FormPage\\REQ-UI-11.feature",
      "beforeHooks": [],
      "afterHooks": [],
      "tests": [],
      "suites": [
        {
          "uuid": "0b4e1791-a998-4ca1-bd9f-2b40491b9f99",
          "title": "REQ-UI-11",
          "fullFile": "",
          "file": "",
          "beforeHooks": [],
          "afterHooks": [],
          "tests": [
            {
              "title": "On the Form page, a form should be visible with one input box and one submit button",
              "fullTitle": "REQ-UI-11 On the Form page, a form should be visible with one input box and one submit button",
              "timedOut": null,
              "duration": 7748,
              "state": "passed",
              "speed": "slow",
              "pass": true,
              "fail": false,
              "pending": false,
              "context": null,
              "code": "const state = window.testState;\nreturn cy\n  .then(() => state.onStartScenario(scenario, indexedSteps))\n  .then(() =>\n    resolveAndRunBeforeHooks.call(this, scenario.tags, state.feature.name)\n  )\n  .then(() =>\n    indexedSteps.forEach(step =>\n      stepTest.call(this, state, step, rowData)\n    )\n  )\n  .then(() =>\n    resolveAndRunAfterHooks.call(this, scenario.tags, state.feature.name)\n  )\n  .then(() => state.onFinishScenario(scenario));",
              "err": {},
              "uuid": "c5ce0ec5-6e45-4fd7-90c7-0631b4ad3a81",
              "parentUUID": "0b4e1791-a998-4ca1-bd9f-2b40491b9f99",
              "isHook": false,
              "skipped": false
            }
          ],
          "suites": [],
          "passes": [
            "c5ce0ec5-6e45-4fd7-90c7-0631b4ad3a81"
          ],
          "failures": [],
          "pending": [],
          "skipped": [],
          "duration": 7748,
          "root": false,
          "rootEmpty": false,
          "_timeout": 2000
        }
      ],
      "passes": [],
      "failures": [],
      "pending": [],
      "skipped": [],
      "duration": 0,
      "root": true,
      "rootEmpty": true,
      "_timeout": 2000
    },
    {
      "uuid": "40f72bc9-3cbc-403d-ab41-9f95d6ac2b9d",
      "title": "",
      "fullFile": "cypress\\integration\\cucumber-tests\\FormPage\\REQ-UI-12.feature",
      "file": "cypress\\integration\\cucumber-tests\\FormPage\\REQ-UI-12.feature",
      "beforeHooks": [],
      "afterHooks": [],
      "tests": [],
      "suites": [
        {
          "uuid": "97ec6f5b-b37d-429f-b634-7298782d0d67",
          "title": "REQ-UI-12",
          "fullFile": "",
          "file": "",
          "beforeHooks": [],
          "afterHooks": [],
          "tests": [
            {
              "title": "On the Form page, if you type John the input field and submit the form, you should get redirect to the Hello page, and the following text should appear: Hello John! (example #1)",
              "fullTitle": "REQ-UI-12 On the Form page, if you type John the input field and submit the form, you should get redirect to the Hello page, and the following text should appear: Hello John! (example #1)",
              "timedOut": null,
              "duration": 9755,
              "state": "passed",
              "speed": "slow",
              "pass": true,
              "fail": false,
              "pending": false,
              "context": null,
              "code": "const state = window.testState;\nreturn cy\n  .then(() => state.onStartScenario(scenario, indexedSteps))\n  .then(() =>\n    resolveAndRunBeforeHooks.call(this, scenario.tags, state.feature.name)\n  )\n  .then(() =>\n    indexedSteps.forEach(step =>\n      stepTest.call(this, state, step, rowData)\n    )\n  )\n  .then(() =>\n    resolveAndRunAfterHooks.call(this, scenario.tags, state.feature.name)\n  )\n  .then(() => state.onFinishScenario(scenario));",
              "err": {},
              "uuid": "7dfc7acc-72a0-46e1-9028-69c77275a7fe",
              "parentUUID": "97ec6f5b-b37d-429f-b634-7298782d0d67",
              "isHook": false,
              "skipped": false
            },
            {
              "title": "On the Form page, if you type Sophia the input field and submit the form, you should get redirect to the Hello page, and the following text should appear: Hello Sophia! (example #2)",
              "fullTitle": "REQ-UI-12 On the Form page, if you type Sophia the input field and submit the form, you should get redirect to the Hello page, and the following text should appear: Hello Sophia! (example #2)",
              "timedOut": null,
              "duration": 10415,
              "state": "passed",
              "speed": "slow",
              "pass": true,
              "fail": false,
              "pending": false,
              "context": null,
              "code": "const state = window.testState;\nreturn cy\n  .then(() => state.onStartScenario(scenario, indexedSteps))\n  .then(() =>\n    resolveAndRunBeforeHooks.call(this, scenario.tags, state.feature.name)\n  )\n  .then(() =>\n    indexedSteps.forEach(step =>\n      stepTest.call(this, state, step, rowData)\n    )\n  )\n  .then(() =>\n    resolveAndRunAfterHooks.call(this, scenario.tags, state.feature.name)\n  )\n  .then(() => state.onFinishScenario(scenario));",
              "err": {},
              "uuid": "e36395d2-0f4e-4e50-92bb-88397e9bf0e0",
              "parentUUID": "97ec6f5b-b37d-429f-b634-7298782d0d67",
              "isHook": false,
              "skipped": false
            },
            {
              "title": "On the Form page, if you type Charlie the input field and submit the form, you should get redirect to the Hello page, and the following text should appear: Hello Charlie! (example #3)",
              "fullTitle": "REQ-UI-12 On the Form page, if you type Charlie the input field and submit the form, you should get redirect to the Hello page, and the following text should appear: Hello Charlie! (example #3)",
              "timedOut": null,
              "duration": 7150,
              "state": "passed",
              "speed": "slow",
              "pass": true,
              "fail": false,
              "pending": false,
              "context": null,
              "code": "const state = window.testState;\nreturn cy\n  .then(() => state.onStartScenario(scenario, indexedSteps))\n  .then(() =>\n    resolveAndRunBeforeHooks.call(this, scenario.tags, state.feature.name)\n  )\n  .then(() =>\n    indexedSteps.forEach(step =>\n      stepTest.call(this, state, step, rowData)\n    )\n  )\n  .then(() =>\n    resolveAndRunAfterHooks.call(this, scenario.tags, state.feature.name)\n  )\n  .then(() => state.onFinishScenario(scenario));",
              "err": {},
              "uuid": "be5a39d7-60d4-48f0-a7b2-f7ebb6d2317a",
              "parentUUID": "97ec6f5b-b37d-429f-b634-7298782d0d67",
              "isHook": false,
              "skipped": false
            },
            {
              "title": "On the Form page, if you type Emily the input field and submit the form, you should get redirect to the Hello page, and the following text should appear: Hello Emily! (example #4)",
              "fullTitle": "REQ-UI-12 On the Form page, if you type Emily the input field and submit the form, you should get redirect to the Hello page, and the following text should appear: Hello Emily! (example #4)",
              "timedOut": null,
              "duration": 16346,
              "state": "passed",
              "speed": "slow",
              "pass": true,
              "fail": false,
              "pending": false,
              "context": null,
              "code": "const state = window.testState;\nreturn cy\n  .then(() => state.onStartScenario(scenario, indexedSteps))\n  .then(() =>\n    resolveAndRunBeforeHooks.call(this, scenario.tags, state.feature.name)\n  )\n  .then(() =>\n    indexedSteps.forEach(step =>\n      stepTest.call(this, state, step, rowData)\n    )\n  )\n  .then(() =>\n    resolveAndRunAfterHooks.call(this, scenario.tags, state.feature.name)\n  )\n  .then(() => state.onFinishScenario(scenario));",
              "err": {},
              "uuid": "8dba0f5c-b7b7-47bb-97ff-ac1e937247d2",
              "parentUUID": "97ec6f5b-b37d-429f-b634-7298782d0d67",
              "isHook": false,
              "skipped": false
            }
          ],
          "suites": [],
          "passes": [
            "7dfc7acc-72a0-46e1-9028-69c77275a7fe",
            "e36395d2-0f4e-4e50-92bb-88397e9bf0e0",
            "be5a39d7-60d4-48f0-a7b2-f7ebb6d2317a",
            "8dba0f5c-b7b7-47bb-97ff-ac1e937247d2"
          ],
          "failures": [],
          "pending": [],
          "skipped": [],
          "duration": 43666,
          "root": false,
          "rootEmpty": false,
          "_timeout": 2000
        }
      ],
      "passes": [],
      "failures": [],
      "pending": [],
      "skipped": [],
      "duration": 0,
      "root": true,
      "rootEmpty": true,
      "_timeout": 2000
    },
    {
      "uuid": "f292d771-0451-4269-9c1a-41f5701df309",
      "title": "",
      "fullFile": "cypress\\integration\\cucumber-tests\\BasePage\\REQ-UI-01.feature",
      "file": "cypress\\integration\\cucumber-tests\\BasePage\\REQ-UI-01.feature",
      "beforeHooks": [],
      "afterHooks": [],
      "tests": [],
      "suites": [
        {
          "uuid": "a05fa9c2-a0cb-4dae-9b2c-c0a470c96edc",
          "title": "REQ-UI-01",
          "fullFile": "",
          "file": "",
          "beforeHooks": [],
          "afterHooks": [],
          "tests": [
            {
              "title": "The Title should be \"UI Testing Site\" on every site (example #1)",
              "fullTitle": "REQ-UI-01 The Title should be \"UI Testing Site\" on every site (example #1)",
              "timedOut": null,
              "duration": 5987,
              "state": "passed",
              "speed": "slow",
              "pass": true,
              "fail": false,
              "pending": false,
              "context": null,
              "code": "const state = window.testState;\nreturn cy\n  .then(() => state.onStartScenario(scenario, indexedSteps))\n  .then(() =>\n    resolveAndRunBeforeHooks.call(this, scenario.tags, state.feature.name)\n  )\n  .then(() =>\n    indexedSteps.forEach(step =>\n      stepTest.call(this, state, step, rowData)\n    )\n  )\n  .then(() =>\n    resolveAndRunAfterHooks.call(this, scenario.tags, state.feature.name)\n  )\n  .then(() => state.onFinishScenario(scenario));",
              "err": {},
              "uuid": "20638db7-b104-4510-b874-80db68159463",
              "parentUUID": "a05fa9c2-a0cb-4dae-9b2c-c0a470c96edc",
              "isHook": false,
              "skipped": false
            },
            {
              "title": "The Title should be \"UI Testing Site\" on every site (example #2)",
              "fullTitle": "REQ-UI-01 The Title should be \"UI Testing Site\" on every site (example #2)",
              "timedOut": null,
              "duration": 5641,
              "state": "passed",
              "speed": "slow",
              "pass": true,
              "fail": false,
              "pending": false,
              "context": null,
              "code": "const state = window.testState;\nreturn cy\n  .then(() => state.onStartScenario(scenario, indexedSteps))\n  .then(() =>\n    resolveAndRunBeforeHooks.call(this, scenario.tags, state.feature.name)\n  )\n  .then(() =>\n    indexedSteps.forEach(step =>\n      stepTest.call(this, state, step, rowData)\n    )\n  )\n  .then(() =>\n    resolveAndRunAfterHooks.call(this, scenario.tags, state.feature.name)\n  )\n  .then(() => state.onFinishScenario(scenario));",
              "err": {},
              "uuid": "cf2f8120-b15c-41cb-8344-f507682d53a0",
              "parentUUID": "a05fa9c2-a0cb-4dae-9b2c-c0a470c96edc",
              "isHook": false,
              "skipped": false
            },
            {
              "title": "The Title should be \"UI Testing Site\" on every site (example #3)",
              "fullTitle": "REQ-UI-01 The Title should be \"UI Testing Site\" on every site (example #3)",
              "timedOut": null,
              "duration": 16319,
              "state": "failed",
              "speed": null,
              "pass": false,
              "fail": true,
              "pending": false,
              "context": null,
              "code": "const state = window.testState;\nreturn cy\n  .then(() => state.onStartScenario(scenario, indexedSteps))\n  .then(() =>\n    resolveAndRunBeforeHooks.call(this, scenario.tags, state.feature.name)\n  )\n  .then(() =>\n    indexedSteps.forEach(step =>\n      stepTest.call(this, state, step, rowData)\n    )\n  )\n  .then(() =>\n    resolveAndRunAfterHooks.call(this, scenario.tags, state.feature.name)\n  )\n  .then(() => state.onFinishScenario(scenario));",
              "err": {
                "message": "AssertionError: Timed out retrying: Expected to find content: 'UI Testing Site' within the element: <title> but never did.",
                "estack": "AssertionError: Timed out retrying: Expected to find content: 'UI Testing Site' within the element: <title> but never did.\n    at Function.verifyTitle (http://uitest.duodecadits.com/__cypress/tests?p=cypress\\integration\\cucumber-tests\\BasePage\\REQ-UI-01.feature:106:23)\n    at Context.eval (http://uitest.duodecadits.com/__cypress/tests?p=cypress\\integration\\cucumber-tests\\BasePage\\REQ-UI-01.feature:490:24)\n    at Context.resolveAndRunStepDefinition (http://uitest.duodecadits.com/__cypress/tests?p=cypress\\integration\\cucumber-tests\\BasePage\\REQ-UI-01.feature:11206:9)\n    at Context.eval (http://uitest.duodecadits.com/__cypress/tests?p=cypress\\integration\\cucumber-tests\\BasePage\\REQ-UI-01.feature:10548:35)",
                "diff": null
              },
              "uuid": "1b8b99c7-b5b8-4b17-a44a-0cb4bfc42a12",
              "parentUUID": "a05fa9c2-a0cb-4dae-9b2c-c0a470c96edc",
              "isHook": false,
              "skipped": false
            },
            {
              "title": "The Title should be \"UI Testing Site\" on every site (example #4)",
              "fullTitle": "REQ-UI-01 The Title should be \"UI Testing Site\" on every site (example #4)",
              "timedOut": null,
              "duration": 11011,
              "state": "passed",
              "speed": "slow",
              "pass": true,
              "fail": false,
              "pending": false,
              "context": null,
              "code": "const state = window.testState;\nreturn cy\n  .then(() => state.onStartScenario(scenario, indexedSteps))\n  .then(() =>\n    resolveAndRunBeforeHooks.call(this, scenario.tags, state.feature.name)\n  )\n  .then(() =>\n    indexedSteps.forEach(step =>\n      stepTest.call(this, state, step, rowData)\n    )\n  )\n  .then(() =>\n    resolveAndRunAfterHooks.call(this, scenario.tags, state.feature.name)\n  )\n  .then(() => state.onFinishScenario(scenario));",
              "err": {},
              "uuid": "25ab1a3d-2e52-4459-83da-d983e62b9309",
              "parentUUID": "a05fa9c2-a0cb-4dae-9b2c-c0a470c96edc",
              "isHook": false,
              "skipped": false
            }
          ],
          "suites": [],
          "passes": [
            "20638db7-b104-4510-b874-80db68159463",
            "cf2f8120-b15c-41cb-8344-f507682d53a0",
            "25ab1a3d-2e52-4459-83da-d983e62b9309"
          ],
          "failures": [
            "1b8b99c7-b5b8-4b17-a44a-0cb4bfc42a12"
          ],
          "pending": [],
          "skipped": [],
          "duration": 38958,
          "root": false,
          "rootEmpty": false,
          "_timeout": 2000
        }
      ],
      "passes": [],
      "failures": [],
      "pending": [],
      "skipped": [],
      "duration": 0,
      "root": true,
      "rootEmpty": true,
      "_timeout": 2000
    }
  ],
  "meta": {
    "mocha": {
      "version": "7.0.1"
    },
    "mochawesome": {
      "options": {
        "quiet": false,
        "reportFilename": "mochawesome",
        "saveHtml": false,
        "saveJson": true,
        "consoleReporter": "spec",
        "useInlineDiffs": false,
        "code": true
      },
      "version": "6.1.1"
    },
    "marge": {
      "options": {
        "id": "default",
        "reportDir": "cypress/reports/mocha",
        "quite": true,
        "overwrite": false,
        "html": false,
        "json": true
      },
      "version": "5.1.0"
    }
  }
}